# JRE version: Java(TM) SE Runtime Environment (8.0_231-b11) (build 1.8.0_231-b11)
# Java VM: Java HotSpot(TM) 64-Bit Server VM (25.231-b11 mixed mode windows-amd64 compressed oops)
Heap:
 PSYoungGen      total 143872K, used 4420K [0x00000000f5580000, 0x0000000100000000, 0x0000000100000000)
  eden space 115712K, 3% used [0x00000000f5580000,0x00000000f59d1148,0x00000000fc680000)
  from space 28160K, 0% used [0x00000000fc680000,0x00000000fc680000,0x00000000fe200000)
  to   space 27648K, 0% used [0x00000000fe500000,0x00000000fe500000,0x0000000100000000)
 ParOldGen       total 175104K, used 71273K [0x00000000e0000000, 0x00000000eab00000, 0x00000000f5580000)
  object space 175104K, 40% used [0x00000000e0000000,0x00000000e459a6c8,0x00000000eab00000)
 Metaspace       used 87942K, capacity 92274K, committed 93952K, reserved 1130496K
  class space    used 11475K, capacity 12390K, committed 12800K, reserved 1048576K
GC Heap History (10 events):
Event: 5979.088 GC heap before
{Heap before GC invocations=31 (full 3):
 PSYoungGen      total 140800K, used 113104K [0x00000000f5580000, 0x0000000100000000, 0x0000000100000000)
  eden space 110592K, 100% used [0x00000000f5580000,0x00000000fc180000,0x00000000fc180000)
  from space 30208K, 8% used [0x00000000fc180000,0x00000000fc3f4010,0x00000000fdf00000)
  to   space 30208K, 0% used [0x00000000fe280000,0x00000000fe280000,0x0000000100000000)
 ParOldGen       total 175104K, used 148702K [0x00000000e0000000, 0x00000000eab00000, 0x00000000f5580000)
  object space 175104K, 84% used [0x00000000e0000000,0x00000000e9137b38,0x00000000eab00000)
 Metaspace       used 88226K, capacity 93320K, committed 93568K, reserved 1130496K
  class space    used 11618K, capacity 12659K, committed 12672K, reserved 1048576K
Event: 5979.144 GC heap after
Heap after GC invocations=31 (full 3):
 PSYoungGen      total 143360K, used 3289K [0x00000000f5580000, 0x00000000fff00000, 0x0000000100000000)
  eden space 114176K, 0% used [0x00000000f5580000,0x00000000f5580000,0x00000000fc500000)
  from space 29184K, 11% used [0x00000000fe280000,0x00000000fe5b6798,0x00000000fff00000)
  to   space 29696K, 0% used [0x00000000fc500000,0x00000000fc500000,0x00000000fe200000)
 ParOldGen       total 175104K, used 150631K [0x00000000e0000000, 0x00000000eab00000, 0x00000000f5580000)
  object space 175104K, 86% used [0x00000000e0000000,0x00000000e9319f70,0x00000000eab00000)
 Metaspace       used 88226K, capacity 93320K, committed 93568K, reserved 1130496K
  class space    used 11618K, capacity 12659K, committed 12672K, reserved 1048576K
}
Event: 5981.990 GC heap before
{Heap before GC invocations=32 (full 3):
 PSYoungGen      total 143360K, used 117465K [0x00000000f5580000, 0x00000000fff00000, 0x0000000100000000)
  eden space 114176K, 100% used [0x00000000f5580000,0x00000000fc500000,0x00000000fc500000)
  from space 29184K, 11% used [0x00000000fe280000,0x00000000fe5b6798,0x00000000fff00000)
  to   space 29696K, 0% used [0x00000000fc500000,0x00000000fc500000,0x00000000fe200000)
 ParOldGen       total 175104K, used 150631K [0x00000000e0000000, 0x00000000eab00000, 0x00000000f5580000)
  object space 175104K, 86% used [0x00000000e0000000,0x00000000e9319f70,0x00000000eab00000)
 Metaspace       used 88342K, capacity 93456K, committed 93568K, reserved 1130496K
  class space    used 11631K, capacity 12659K, committed 12672K, reserved 1048576K
Event: 5982.029 GC heap after
Heap after GC invocations=32 (full 3):
 PSYoungGen      total 143872K, used 3484K [0x00000000f5580000, 0x00000000fff80000, 0x0000000100000000)
  eden space 114176K, 0% used [0x00000000f5580000,0x00000000f5580000,0x00000000fc500000)
  from space 29696K, 11% used [0x00000000fc500000,0x00000000fc8673b0,0x00000000fe200000)
  to   space 29184K, 0% used [0x00000000fe300000,0x00000000fe300000,0x00000000fff80000)
 ParOldGen       total 175104K, used 153518K [0x00000000e0000000, 0x00000000eab00000, 0x00000000f5580000)
  object space 175104K, 87% used [0x00000000e0000000,0x00000000e95eb860,0x00000000eab00000)
 Metaspace       used 88342K, capacity 93456K, committed 93568K, reserved 1130496K
  class space    used 11631K, capacity 12659K, committed 12672K, reserved 1048576K
}
Event: 5984.521 GC heap before
{Heap before GC invocations=33 (full 3):
 PSYoungGen      total 143872K, used 117660K [0x00000000f5580000, 0x00000000fff80000, 0x0000000100000000)
  eden space 114176K, 100% used [0x00000000f5580000,0x00000000fc500000,0x00000000fc500000)
  from space 29696K, 11% used [0x00000000fc500000,0x00000000fc8673b0,0x00000000fe200000)
  to   space 29184K, 0% used [0x00000000fe300000,0x00000000fe300000,0x00000000fff80000)
 ParOldGen       total 175104K, used 153518K [0x00000000e0000000, 0x00000000eab00000, 0x00000000f5580000)
  object space 175104K, 87% used [0x00000000e0000000,0x00000000e95eb860,0x00000000eab00000)
 Metaspace       used 88497K, capacity 93656K, committed 93952K, reserved 1130496K
  class space    used 11656K, capacity 12699K, committed 12800K, reserved 1048576K
Event: 5984.558 GC heap after
Heap after GC invocations=33 (full 3):
 PSYoungGen      total 142848K, used 2901K [0x00000000f5580000, 0x00000000ffd80000, 0x0000000100000000)
  eden space 115712K, 0% used [0x00000000f5580000,0x00000000f5580000,0x00000000fc680000)
  from space 27136K, 10% used [0x00000000fe300000,0x00000000fe5d56b8,0x00000000ffd80000)
  to   space 28160K, 0% used [0x00000000fc680000,0x00000000fc680000,0x00000000fe200000)
 ParOldGen       total 175104K, used 156543K [0x00000000e0000000, 0x00000000eab00000, 0x00000000f5580000)
  object space 175104K, 89% used [0x00000000e0000000,0x00000000e98dfd08,0x00000000eab00000)
 Metaspace       used 88497K, capacity 93656K, committed 93952K, reserved 1130496K
  class space    used 11656K, capacity 12699K, committed 12800K, reserved 1048576K
}
Event: 5987.365 GC heap before
{Heap before GC invocations=34 (full 3):
 PSYoungGen      total 142848K, used 118613K [0x00000000f5580000, 0x00000000ffd80000, 0x0000000100000000)
  eden space 115712K, 100% used [0x00000000f5580000,0x00000000fc680000,0x00000000fc680000)
  from space 27136K, 10% used [0x00000000fe300000,0x00000000fe5d56b8,0x00000000ffd80000)
  to   space 28160K, 0% used [0x00000000fc680000,0x00000000fc680000,0x00000000fe200000)
 ParOldGen       total 175104K, used 156543K [0x00000000e0000000, 0x00000000eab00000, 0x00000000f5580000)
  object space 175104K, 89% used [0x00000000e0000000,0x00000000e98dfd08,0x00000000eab00000)
 Metaspace       used 88540K, capacity 93656K, committed 93952K, reserved 1130496K
  class space    used 11656K, capacity 12699K, committed 12800K, reserved 1048576K
Event: 5987.419 GC heap after
Heap after GC invocations=34 (full 3):
 PSYoungGen      total 143872K, used 3315K [0x00000000f5580000, 0x0000000100000000, 0x0000000100000000)
  eden space 115712K, 0% used [0x00000000f5580000,0x00000000f5580000,0x00000000fc680000)
  from space 28160K, 11% used [0x00000000fc680000,0x00000000fc9bcdc8,0x00000000fe200000)
  to   space 27648K, 0% used [0x00000000fe500000,0x00000000fe500000,0x0000000100000000)
 ParOldGen       total 175104K, used 159084K [0x00000000e0000000, 0x00000000eab00000, 0x00000000f5580000)
  object space 175104K, 90% used [0x00000000e0000000,0x00000000e9b5b018,0x00000000eab00000)
 Metaspace       used 88540K, capacity 93656K, committed 93952K, reserved 1130496K
  class space    used 11656K, capacity 12699K, committed 12800K, reserved 1048576K
}
Event: 5987.419 GC heap before
{Heap before GC invocations=35 (full 4):
 PSYoungGen      total 143872K, used 3315K [0x00000000f5580000, 0x0000000100000000, 0x0000000100000000)
  eden space 115712K, 0% used [0x00000000f5580000,0x00000000f5580000,0x00000000fc680000)
  from space 28160K, 11% used [0x00000000fc680000,0x00000000fc9bcdc8,0x00000000fe200000)
  to   space 27648K, 0% used [0x00000000fe500000,0x00000000fe500000,0x0000000100000000)
 ParOldGen       total 175104K, used 159084K [0x00000000e0000000, 0x00000000eab00000, 0x00000000f5580000)
  object space 175104K, 90% used [0x00000000e0000000,0x00000000e9b5b018,0x00000000eab00000)
 Metaspace       used 88540K, capacity 93656K, committed 93952K, reserved 1130496K
  class space    used 11656K, capacity 12699K, committed 12800K, reserved 1048576K
Event: 5988.428 GC heap after
Heap after GC invocations=35 (full 4):
 PSYoungGen      total 143872K, used 0K [0x00000000f5580000, 0x0000000100000000, 0x0000000100000000)
  eden space 115712K, 0% used [0x00000000f5580000,0x00000000f5580000,0x00000000fc680000)
  from space 28160K, 0% used [0x00000000fc680000,0x00000000fc680000,0x00000000fe200000)
  to   space 27648K, 0% used [0x00000000fe500000,0x00000000fe500000,0x0000000100000000)
 ParOldGen       total 175104K, used 71273K [0x00000000e0000000, 0x00000000eab00000, 0x00000000f5580000)
  object space 175104K, 40% used [0x00000000e0000000,0x00000000e459a6c8,0x00000000eab00000)
 Metaspace       used 87942K, capacity 92274K, committed 93952K, reserved 1130496K
  class space    used 11475K, capacity 12390K, committed 12800K, reserved 1048576K
}

